#
# A fatal error has been detected by the Java Runtime Environment:
#
#  SIGSEGV (0xb) at pc=0x000000010e14a320, pid=86791, tid=15363
#
# JRE version: 7.0_11-b21
# Java VM: Java HotSpot(TM) 64-Bit Server VM (23.6-b04 mixed mode bsd-amd64 compressed oops)
# Problematic frame:
# V  [libjvm.dylib+0x226320]
#
# Failed to write core dump. Core dumps have been disabled. To enable core dumping, try "ulimit -c unlimited" before starting Java again
#
# If you would like to submit a bug report, please visit:
#   http://bugreport.sun.com/bugreport/crash.jsp
#

---------------  T H R E A D  ---------------

Current thread (0x00007fac0280d000):  JavaThread "C2 CompilerThread0" daemon [_thread_in_native, id=15363, stack(0x0000000112cfc000,0x0000000112dfc000)]

siginfo:si_signo=SIGSEGV: si_errno=0, si_code=1 (SEGV_MAPERR), si_addr=0x00007fac01227c90

Registers:
RAX=0x00000000000001fb, RBX=0x0000000112df9898, RCX=0x00007fac028ede20, RDX=0x0000000000000000
RSP=0x0000000112df8bb0, RBP=0x0000000112df8c10, RSI=0x0000000000000001, RDI=0x00007fac028f2440
R8 =0x0000000000000007, R9 =0x0000000112df8a00, R10=0x000000000000027c, R11=0xfffffffffffcfcc0
R12=0x0000000000000000, R13=0xffffffffffffffff, R14=0x0000000112df8be0, R15=0x00007fac01227c68
RIP=0x000000010e14a320, EFLAGS=0x0000000000010202, ERR=0x0000000000000004
  TRAPNO=0x000000000000000e

Top of Stack: (sp=0x0000000112df8bb0)
0x0000000112df8bb0:   00000000000000c5 0000000112df8c70
0x0000000112df8bc0:   000008c4000001fb 0000000000000000
0x0000000112df8bd0:   00007fac028ede20 00007fac02930e50
0x0000000112df8be0:   00007fac03127810 0000000112dfa4e8
0x0000000112df8bf0:   0000000112df8c70 0000000000000711
0x0000000112df8c00:   0000000112df9898 00007fac02434eb0
0x0000000112df8c10:   0000000112df8ce0 000000010e14a4e8
0x0000000112df8c20:   0000000112df8c40 000008bc0e147e12
0x0000000112df8c30:   0000000112df9920 00007fac031df460
0x0000000112df8c40:   0000000112df8c60 000000010e147e12
0x0000000112df8c50:   00007fac0328e5a0 0000000112df9898
0x0000000112df8c60:   0000000112df8ce0 000000010e148ab2
0x0000000112df8c70:   000000010e649c40 00007fac02434eb0
0x0000000112df8c80:   00007fac00000080 00007fac028f2440
0x0000000112df8c90:   00007fac02434eb0 00007fac028ed000
0x0000000112df8ca0:   00007fac028ede10 00007fac028f4fe8
0x0000000112df8cb0:   00007fac00000000 0000000112dfb208
0x0000000112df8cc0:   0000000112dfba68 0000000112dfb208
0x0000000112df8cd0:   0000000112df9898 0000000112df9920
0x0000000112df8ce0:   0000000112dfa520 000000010e0a4347
0x0000000112df8cf0:   0000000000000000 0000000000000000
0x0000000112df8d00:   0000000000000000 0000000000000000
0x0000000112df8d10:   0000000000000000 0000000000000000
0x0000000112df8d20:   0000000000000000 0000000000000000
0x0000000112df8d30:   0000000000000000 0000000000000000
0x0000000112df8d40:   0000000000000000 0000000000000000
0x0000000112df8d50:   0000000000000000 0000000000000000
0x0000000112df8d60:   0000000000000000 0000000000000000
0x0000000112df8d70:   0000000000000000 0000000000000000
0x0000000112df8d80:   0000000000000000 0000000000000000
0x0000000112df8d90:   0000000000000000 0000000000000000
0x0000000112df8da0:   0000000000000000 0000000000000000 

Instructions: (pc=0x000000010e14a320)
0x000000010e14a300:   00 8b 45 b0 85 c0 0f 84 e7 00 00 00 4c 8d 75 d0
0x000000010e14a310:   ff c8 48 8b 4d c0 89 45 b0 48 63 c0 4c 8b 3c c1
0x000000010e14a320:   41 8b 77 28 48 8b 7d a8 e8 63 05 29 00 85 c0 74
0x000000010e14a330:   0c 8b 45 b0 85 c0 75 d8 e9 b6 00 00 00 49 8b 07 

Register to memory mapping:

RAX=0x00000000000001fb is an unknown value
RBX=0x0000000112df9898 is pointing into the stack for thread: 0x00007fac0280d000
RCX=0x00007fac028ede20 is an unknown value
RDX=0x0000000000000000 is an unknown value
RSP=0x0000000112df8bb0 is pointing into the stack for thread: 0x00007fac0280d000
RBP=0x0000000112df8c10 is pointing into the stack for thread: 0x00007fac0280d000
RSI=0x0000000000000001 is an unknown value
RDI=0x00007fac028f2440 is an unknown value
R8 =0x0000000000000007 is an unknown value
R9 =0x0000000112df8a00 is pointing into the stack for thread: 0x00007fac0280d000
R10=0x000000000000027c is an unknown value
R11=0xfffffffffffcfcc0 is an unknown value
R12=0x0000000000000000 is an unknown value
R13=0xffffffffffffffff is an unknown value
R14=0x0000000112df8be0 is pointing into the stack for thread: 0x00007fac0280d000
R15=0x00007fac01227c68 is an unknown value


Stack: [0x0000000112cfc000,0x0000000112dfc000],  sp=0x0000000112df8bb0,  free space=1010k
Native frames: (J=compiled Java code, j=interpreted, Vv=VM code, C=native code)
V  [libjvm.dylib+0x226320]
V  [libjvm.dylib+0x2264e8]
V  [libjvm.dylib+0x180347]
V  [libjvm.dylib+0x1833db]
V  [libjvm.dylib+0x12f8b1]
V  [libjvm.dylib+0x185885]
V  [libjvm.dylib+0x187417]
V  [libjvm.dylib+0x4782b4]
V  [libjvm.dylib+0x47979a]
V  [libjvm.dylib+0x3b51b5]
C  [libsystem_pthread.dylib+0x1899]  _pthread_body+0x8a
C  [libsystem_pthread.dylib+0x172a]  _pthread_struct_init+0x0
C  [libsystem_pthread.dylib+0x5fc9]  thread_start+0xd


Current CompileTask:
C2:    519   25             sun.misc.URLClassPath::getResource (74 bytes)


---------------  P R O C E S S  ---------------

Java Threads: ( => current thread )
  0x00007fac0400e000 JavaThread "Service Thread" daemon [_thread_blocked, id=15875, stack(0x0000000112f02000,0x0000000113002000)]
  0x00007fac0400c000 JavaThread "C2 CompilerThread1" daemon [_thread_in_native, id=15619, stack(0x0000000112dff000,0x0000000112eff000)]
=>0x00007fac0280d000 JavaThread "C2 CompilerThread0" daemon [_thread_in_native, id=15363, stack(0x0000000112cfc000,0x0000000112dfc000)]
  0x00007fac03031000 JavaThread "Signal Dispatcher" daemon [_thread_blocked, id=15107, stack(0x0000000112bf9000,0x0000000112cf9000)]
  0x00007fac03844800 JavaThread "Finalizer" daemon [_thread_blocked, id=10243, stack(0x000000011292a000,0x0000000112a2a000)]
  0x00007fac03843800 JavaThread "Reference Handler" daemon [_thread_blocked, id=9987, stack(0x0000000112827000,0x0000000112927000)]
  0x00007fac03001000 JavaThread "main" [_thread_in_Java, id=6403, stack(0x000000010f201000,0x000000010f301000)]

Other Threads:
  0x00007fac03841000 VMThread [stack: 0x0000000112724000,0x0000000112824000] [id=9731]
  0x00007fac04011000 WatcherThread [stack: 0x0000000113005000,0x0000000113105000] [id=16131]

VM state:not at safepoint (normal execution)

VM Mutex/Monitor currently owned by a thread: None

Heap
 def new generation   total 1984K, used 1608K [0x00000007f4e00000, 0x00000007f5020000, 0x00000007f6e00000)
  eden space 1792K,  79% used [0x00000007f4e00000, 0x00000007f4f62190, 0x00000007f4fc0000)
  from space 192K, 100% used [0x00000007f4fc0000, 0x00000007f4ff0000, 0x00000007f4ff0000)
  to   space 192K,   0% used [0x00000007f4ff0000, 0x00000007f4ff0000, 0x00000007f5020000)
 tenured generation   total 4480K, used 1812K [0x00000007f6e00000, 0x00000007f7260000, 0x00000007fae00000)
   the space 4480K,  40% used [0x00000007f6e00000, 0x00000007f6fc50e0, 0x00000007f6fc5200, 0x00000007f7260000)
 compacting perm gen  total 21248K, used 6214K [0x00000007fae00000, 0x00000007fc2c0000, 0x0000000800000000)
   the space 21248K,  29% used [0x00000007fae00000, 0x00000007fb411a28, 0x00000007fb411c00, 0x00000007fc2c0000)
No shared spaces configured.

Card table byte_map: [0x00000001123fc000,0x0000000112456000] byte_map_base: 0x000000010e455000

Polling page: 0x000000010e9ee000

Code Cache  [0x000000010f33c000, 0x000000010f5ac000, 0x000000011233c000)
 total_blobs=259 nmethods=23 adapters=189 free_code_cache=48693Kb largest_free_block=49837184

Compilation events (10 events):
Event: 0.470 Thread 0x00007fac0280d000   20  s!         sun.misc.URLClassPath::getLoader (154 bytes)
Event: 0.472 Thread 0x00007fac0400c000   21             java.util.ArrayList::rangeCheck (22 bytes)
Event: 0.473 Thread 0x00007fac0400c000 nmethod 21 0x000000010f3a1dd0 code [0x000000010f3a1f00, 0x000000010f3a1f78]
Event: 0.473 Thread 0x00007fac0400c000   22             java.util.ArrayList::elementData (7 bytes)
Event: 0.474 Thread 0x00007fac0400c000 nmethod 22 0x000000010f3a1a50 code [0x000000010f3a1ba0, 0x000000010f3a1c58]
Event: 0.478 Thread 0x00007fac0400c000   23             java.util.ArrayList::get (11 bytes)
Event: 0.479 Thread 0x00007fac0400c000 nmethod 23 0x000000010f3ac190 code [0x000000010f3ac2e0, 0x000000010f3ac398]
Event: 0.485 Thread 0x00007fac0280d000 nmethod 20 0x000000010f3b3390 code [0x000000010f3b3580, 0x000000010f3b4400]
Event: 0.488 Thread 0x00007fac0400c000   24   !         sun.misc.URLClassPath$JarLoader::getResource (91 bytes)
Event: 0.488 Thread 0x00007fac0280d000   25             sun.misc.URLClassPath::getResource (74 bytes)

GC Heap History (10 events):
Event: 0.247 GC heap before
{Heap before GC invocations=1 (full 0):
 def new generation   total 1984K, used 1984K [0x00000007f4e00000, 0x00000007f5020000, 0x00000007f6e00000)
  eden space 1792K, 100% used [0x00000007f4e00000, 0x00000007f4fc0000, 0x00000007f4fc0000)
  from space 192K, 100% used [0x00000007f4ff0000, 0x00000007f5020000, 0x00000007f5020000)
  to   space 192K,   0% used [0x00000007f4fc0000, 0x00000007f4fc0000, 0x00000007f4ff0000)
 tenured generation   total 4480K, used 468K [0x00000007f6e00000, 0x00000007f7260000, 0x00000007fae00000)
   the space 4480K,  10% used [0x00000007f6e00000, 0x00000007f6e750a8, 0x00000007f6e75200, 0x00000007f7260000)
 compacting perm gen  total 21248K, used 3456K [0x00000007fae00000, 0x00000007fc2c0000, 0x0000000800000000)
   the space 21248K,  16% used [0x00000007fae00000, 0x00000007fb1602c8, 0x00000007fb160400, 0x00000007fc2c0000)
No shared spaces configured.
Event: 0.252 GC heap after
Heap after GC invocations=2 (full 0):
 def new generation   total 1984K, used 191K [0x00000007f4e00000, 0x00000007f5020000, 0x00000007f6e00000)
  eden space 1792K,   0% used [0x00000007f4e00000, 0x00000007f4e00000, 0x00000007f4fc0000)
  from space 192K,  99% used [0x00000007f4fc0000, 0x00000007f4fefff8, 0x00000007f4ff0000)
  to   space 192K,   0% used [0x00000007f4ff0000, 0x00000007f4ff0000, 0x00000007f5020000)
 tenured generation   total 4480K, used 850K [0x00000007f6e00000, 0x00000007f7260000, 0x00000007fae00000)
   the space 4480K,  18% used [0x00000007f6e00000, 0x00000007f6ed4b50, 0x00000007f6ed4c00, 0x00000007f7260000)
 compacting perm gen  total 21248K, used 3456K [0x00000007fae00000, 0x00000007fc2c0000, 0x0000000800000000)
   the space 21248K,  16% used [0x00000007fae00000, 0x00000007fb1602c8, 0x00000007fb160400, 0x00000007fc2c0000)
No shared spaces configured.
}
Event: 0.345 GC heap before
{Heap before GC invocations=2 (full 0):
 def new generation   total 1984K, used 1973K [0x00000007f4e00000, 0x00000007f5020000, 0x00000007f6e00000)
  eden space 1792K,  99% used [0x00000007f4e00000, 0x00000007f4fbd418, 0x00000007f4fc0000)
  from space 192K,  99% used [0x00000007f4fc0000, 0x00000007f4fefff8, 0x00000007f4ff0000)
  to   space 192K,   0% used [0x00000007f4ff0000, 0x00000007f4ff0000, 0x00000007f5020000)
 tenured generation   total 4480K, used 850K [0x00000007f6e00000, 0x00000007f7260000, 0x00000007fae00000)
   the space 4480K,  18% used [0x00000007f6e00000, 0x00000007f6ed4b50, 0x00000007f6ed4c00, 0x00000007f7260000)
 compacting perm gen  total 21248K, used 4599K [0x00000007fae00000, 0x00000007fc2c0000, 0x0000000800000000)
   the space 21248K,  21% used [0x00000007fae00000, 0x00000007fb27dd48, 0x00000007fb27de00, 0x00000007fc2c0000)
No shared spaces configured.
Event: 0.350 GC heap after
Heap after GC invocations=3 (full 0):
 def new generation   total 1984K, used 192K [0x00000007f4e00000, 0x00000007f5020000, 0x00000007f6e00000)
  eden space 1792K,   0% used [0x00000007f4e00000, 0x00000007f4e00000, 0x00000007f4fc0000)
  from space 192K, 100% used [0x00000007f4ff0000, 0x00000007f5020000, 0x00000007f5020000)
  to   space 192K,   0% used [0x00000007f4fc0000, 0x00000007f4fc0000, 0x00000007f4ff0000)
 tenured generation   total 4480K, used 1159K [0x00000007f6e00000, 0x00000007f7260000, 0x00000007fae00000)
   the space 4480K,  25% used [0x00000007f6e00000, 0x00000007f6f21ff8, 0x00000007f6f22000, 0x00000007f7260000)
 compacting perm gen  total 21248K, used 4599K [0x00000007fae00000, 0x00000007fc2c0000, 0x0000000800000000)
   the space 21248K,  21% used [0x00000007fae00000, 0x00000007fb27dd48, 0x00000007fb27de00, 0x00000007fc2c0000)
No shared spaces configured.
}
Event: 0.391 GC heap before
{Heap before GC invocations=3 (full 0):
 def new generation   total 1984K, used 1984K [0x00000007f4e00000, 0x00000007f5020000, 0x00000007f6e00000)
  eden space 1792K, 100% used [0x00000007f4e00000, 0x00000007f4fc0000, 0x00000007f4fc0000)
  from space 192K, 100% used [0x00000007f4ff0000, 0x00000007f5020000, 0x00000007f5020000)
  to   space 192K,   0% used [0x00000007f4fc0000, 0x00000007f4fc0000, 0x00000007f4ff0000)
 tenured generation   total 4480K, used 1159K [0x00000007f6e00000, 0x00000007f7260000, 0x00000007fae00000)
   the space 4480K,  25% used [0x00000007f6e00000, 0x00000007f6f21ff8, 0x00000007f6f22000, 0x00000007f7260000)
 compacting perm gen  total 21248K, used 4984K [0x00000007fae00000, 0x00000007fc2c0000, 0x0000000800000000)
   the space 21248K,  23% used [0x00000007fae00000, 0x00000007fb2de3d8, 0x00000007fb2de400, 0x00000007fc2c0000)
No shared spaces configured.
Event: 0.394 GC heap after
Heap after GC invocations=4 (full 0):
 def new generation   total 1984K, used 191K [0x00000007f4e00000, 0x00000007f5020000, 0x00000007f6e00000)
  eden space 1792K,   0% used [0x00000007f4e00000, 0x00000007f4e00000, 0x00000007f4fc0000)
  from space 192K,  99% used [0x00000007f4fc0000, 0x00000007f4fefff0, 0x00000007f4ff0000)
  to   space 192K,   0% used [0x00000007f4ff0000, 0x00000007f4ff0000, 0x00000007f5020000)
 tenured generation   total 4480K, used 1450K [0x00000007f6e00000, 0x00000007f7260000, 0x00000007fae00000)
   the space 4480K,  32% used [0x00000007f6e00000, 0x00000007f6f6aa80, 0x00000007f6f6ac00, 0x00000007f7260000)
 compacting perm gen  total 21248K, used 4984K [0x00000007fae00000, 0x00000007fc2c0000, 0x0000000800000000)
   the space 21248K,  23% used [0x00000007fae00000, 0x00000007fb2de3d8, 0x00000007fb2de400, 0x00000007fc2c0000)
No shared spaces configured.
}
Event: 0.443 GC heap before
{Heap before GC invocations=4 (full 0):
 def new generation   total 1984K, used 1983K [0x00000007f4e00000, 0x00000007f5020000, 0x00000007f6e00000)
  eden space 1792K, 100% used [0x00000007f4e00000, 0x00000007f4fc0000, 0x00000007f4fc0000)
  from space 192K,  99% used [0x00000007f4fc0000, 0x00000007f4fefff0, 0x00000007f4ff0000)
  to   space 192K,   0% used [0x00000007f4ff0000, 0x00000007f4ff0000, 0x00000007f5020000)
 tenured generation   total 4480K, used 1450K [0x00000007f6e00000, 0x00000007f7260000, 0x00000007fae00000)
   the space 4480K,  32% used [0x00000007f6e00000, 0x00000007f6f6aa80, 0x00000007f6f6ac00, 0x00000007f7260000)
 compacting perm gen  total 21248K, used 5441K [0x00000007fae00000, 0x00000007fc2c0000, 0x0000000800000000)
   the space 21248K,  25% used [0x00000007fae00000, 0x00000007fb350600, 0x00000007fb350600, 0x00000007fc2c0000)
No shared spaces configured.
Event: 0.445 GC heap after
Heap after GC invocations=5 (full 0):
 def new generation   total 1984K, used 192K [0x00000007f4e00000, 0x00000007f5020000, 0x00000007f6e00000)
  eden space 1792K,   0% used [0x00000007f4e00000, 0x00000007f4e00000, 0x00000007f4fc0000)
  from space 192K, 100% used [0x00000007f4ff0000, 0x00000007f5020000, 0x00000007f5020000)
  to   space 192K,   0% used [0x00000007f4fc0000, 0x00000007f4fc0000, 0x00000007f4ff0000)
 tenured generation   total 4480K, used 1597K [0x00000007f6e00000, 0x00000007f7260000, 0x00000007fae00000)
   the space 4480K,  35% used [0x00000007f6e00000, 0x00000007f6f8f658, 0x00000007f6f8f800, 0x00000007f7260000)
 compacting perm gen  total 21248K, used 5441K [0x00000007fae00000, 0x00000007fc2c0000, 0x0000000800000000)
   the space 21248K,  25% used [0x00000007fae00000, 0x00000007fb350600, 0x00000007fb350600, 0x00000007fc2c0000)
No shared spaces configured.
}
Event: 0.483 GC heap before
{Heap before GC invocations=5 (full 0):
 def new generation   total 1984K, used 1984K [0x00000007f4e00000, 0x00000007f5020000, 0x00000007f6e00000)
  eden space 1792K, 100% used [0x00000007f4e00000, 0x00000007f4fc0000, 0x00000007f4fc0000)
  from space 192K, 100% used [0x00000007f4ff0000, 0x00000007f5020000, 0x00000007f5020000)
  to   space 192K,   0% used [0x00000007f4fc0000, 0x00000007f4fc0000, 0x00000007f4ff0000)
 tenured generation   total 4480K, used 1597K [0x00000007f6e00000, 0x00000007f7260000, 0x00000007fae00000)
   the space 4480K,  35% used [0x00000007f6e00000, 0x00000007f6f8f658, 0x00000007f6f8f800, 0x00000007f7260000)
 compacting perm gen  total 21248K, used 5946K [0x00000007fae00000, 0x00000007fc2c0000, 0x0000000800000000)
   the space 21248K,  27% used [0x00000007fae00000, 0x00000007fb3ceaa0, 0x00000007fb3cec00, 0x00000007fc2c0000)
No shared spaces configured.
Event: 0.484 GC heap after
Heap after GC invocations=6 (full 0):
 def new generation   total 1984K, used 192K [0x00000007f4e00000, 0x00000007f5020000, 0x00000007f6e00000)
  eden space 1792K,   0% used [0x00000007f4e00000, 0x00000007f4e00000, 0x00000007f4fc0000)
  from space 192K, 100% used [0x00000007f4fc0000, 0x00000007f4ff0000, 0x00000007f4ff0000)
  to   space 192K,   0% used [0x00000007f4ff0000, 0x00000007f4ff0000, 0x00000007f5020000)
 tenured generation   total 4480K, used 1812K [0x00000007f6e00000, 0x00000007f7260000, 0x00000007fae00000)
   the space 4480K,  40% used [0x00000007f6e00000, 0x00000007f6fc50e0, 0x00000007f6fc5200, 0x00000007f7260000)
 compacting perm gen  total 21248K, used 5946K [0x00000007fae00000, 0x00000007fc2c0000, 0x0000000800000000)
   the space 21248K,  27% used [0x00000007fae00000, 0x00000007fb3ceaa0, 0x00000007fb3cec00, 0x00000007fc2c0000)
No shared spaces configured.
}

Deoptimization events (0 events):
No events

Internal exceptions (10 events):
Event: 0.511 Thread 0x00007fac03001000 Threw 0x00000007f4ef8730 at /HUDSON/workspace/jdk7u11-2-build-macosx-amd64-product/jdk7u11/hotspot/src/share/vm/prims/jvm.cpp:1166
Event: 0.511 Thread 0x00007fac03001000 Threw 0x00000007f4ef8c60 at /HUDSON/workspace/jdk7u11-2-build-macosx-amd64-product/jdk7u11/hotspot/src/share/vm/prims/jvm.cpp:1166
Event: 0.512 Thread 0x00007fac03001000 Threw 0x00000007f4effee8 at /HUDSON/workspace/jdk7u11-2-build-macosx-amd64-product/jdk7u11/hotspot/src/share/vm/prims/jvm.cpp:1166
Event: 0.512 Thread 0x00007fac03001000 Threw 0x00000007f4f00378 at /HUDSON/workspace/jdk7u11-2-build-macosx-amd64-product/jdk7u11/hotspot/src/share/vm/prims/jvm.cpp:1166
Event: 0.512 Thread 0x00007fac03001000 Threw 0x00000007f4f060d8 at /HUDSON/workspace/jdk7u11-2-build-macosx-amd64-product/jdk7u11/hotspot/src/share/vm/prims/jvm.cpp:1166
Event: 0.512 Thread 0x00007fac03001000 Threw 0x00000007f4f06618 at /HUDSON/workspace/jdk7u11-2-build-macosx-amd64-product/jdk7u11/hotspot/src/share/vm/prims/jvm.cpp:1166
Event: 0.513 Thread 0x00007fac03001000 Threw 0x00000007f4f0a9f0 at /HUDSON/workspace/jdk7u11-2-build-macosx-amd64-product/jdk7u11/hotspot/src/share/vm/prims/jvm.cpp:1166
Event: 0.513 Thread 0x00007fac03001000 Threw 0x00000007f4f0af60 at /HUDSON/workspace/jdk7u11-2-build-macosx-amd64-product/jdk7u11/hotspot/src/share/vm/prims/jvm.cpp:1166
Event: 0.515 Thread 0x00007fac03001000 Threw 0x00000007f4f2bfc8 at /HUDSON/workspace/jdk7u11-2-build-macosx-amd64-product/jdk7u11/hotspot/src/share/vm/prims/jvm.cpp:1166
Event: 0.515 Thread 0x00007fac03001000 Threw 0x00000007f4f2c5d8 at /HUDSON/workspace/jdk7u11-2-build-macosx-amd64-product/jdk7u11/hotspot/src/share/vm/prims/jvm.cpp:1166

Events (10 events):
Event: 0.511 loading class 0x00007fac027734f0
Event: 0.511 loading class 0x00007fac027734f0 done
Event: 0.512 loading class 0x00007fac02655bc0
Event: 0.512 loading class 0x00007fac02655bc0 done
Event: 0.512 loading class 0x00007fac02774f10
Event: 0.512 loading class 0x00007fac02774f10 done
Event: 0.513 loading class 0x00007fac02773990
Event: 0.513 loading class 0x00007fac02773990 done
Event: 0.515 loading class 0x00007fac02658020
Event: 0.515 loading class 0x00007fac02658020 done


Dynamic libraries:
0x000000000487f000 	/System/Library/Frameworks/Cocoa.framework/Versions/A/Cocoa
0x000000000487f000 	/System/Library/Frameworks/Security.framework/Versions/A/Security
0x000000000487f000 	/System/Library/Frameworks/ApplicationServices.framework/Versions/A/ApplicationServices
0x000000000487f000 	/usr/lib/libz.1.dylib
0x000000000487f000 	/usr/lib/libSystem.B.dylib
0x000000000487f000 	/usr/lib/libobjc.A.dylib
0x000000000487f000 	/System/Library/Frameworks/CoreFoundation.framework/Versions/A/CoreFoundation
0x000000000487f000 	/System/Library/Frameworks/AppKit.framework/Versions/C/AppKit
0x000000000487f000 	/System/Library/Frameworks/CoreData.framework/Versions/A/CoreData
0x000000000487f000 	/System/Library/Frameworks/Foundation.framework/Versions/C/Foundation
0x000000000487f000 	/System/Library/PrivateFrameworks/RemoteViewServices.framework/Versions/A/RemoteViewServices
0x000000000487f000 	/System/Library/Frameworks/AudioToolbox.framework/Versions/A/AudioToolbox
0x000000000487f000 	/System/Library/Frameworks/AudioUnit.framework/Versions/A/AudioUnit
0x000000000487f000 	/System/Library/PrivateFrameworks/DataDetectorsCore.framework/Versions/A/DataDetectorsCore
0x000000000487f000 	/System/Library/PrivateFrameworks/DesktopServicesPriv.framework/Versions/A/DesktopServicesPriv
0x000000000487f000 	/System/Library/Frameworks/Carbon.framework/Versions/A/Frameworks/HIToolbox.framework/Versions/A/HIToolbox
0x000000000487f000 	/System/Library/Frameworks/QuartzCore.framework/Versions/A/QuartzCore
0x000000000487f000 	/System/Library/Frameworks/Carbon.framework/Versions/A/Frameworks/SpeechRecognition.framework/Versions/A/SpeechRecognition
0x000000000487f000 	/usr/lib/libauto.dylib
0x000000000487f000 	/usr/lib/libicucore.A.dylib
0x000000000487f000 	/usr/lib/libxml2.2.dylib
0x000000000487f000 	/System/Library/PrivateFrameworks/CoreUI.framework/Versions/A/CoreUI
0x000000000487f000 	/System/Library/Frameworks/CoreAudio.framework/Versions/A/CoreAudio
0x000000000487f000 	/System/Library/Frameworks/DiskArbitration.framework/Versions/A/DiskArbitration
0x000000000487f000 	/usr/lib/liblangid.dylib
0x000000000487f000 	/System/Library/PrivateFrameworks/MultitouchSupport.framework/Versions/A/MultitouchSupport
0x000000000487f000 	/System/Library/Frameworks/IOKit.framework/Versions/A/IOKit
0x000000000487f000 	/usr/lib/libDiagnosticMessagesClient.dylib
0x000000000487f000 	/System/Library/Frameworks/CoreServices.framework/Versions/A/CoreServices
0x000000000487f000 	/System/Library/PrivateFrameworks/PerformanceAnalysis.framework/Versions/A/PerformanceAnalysis
0x000000000487f000 	/System/Library/PrivateFrameworks/GenerationalStorage.framework/Versions/A/GenerationalStorage
0x000000000487f000 	/System/Library/Frameworks/OpenGL.framework/Versions/A/OpenGL
0x000000000487f000 	/System/Library/PrivateFrameworks/Sharing.framework/Versions/A/Sharing
0x000000000487f000 	/System/Library/Frameworks/ImageIO.framework/Versions/A/ImageIO
0x000000000487f000 	/System/Library/Frameworks/CoreText.framework/Versions/A/CoreText
0x000000000487f000 	/System/Library/Frameworks/CoreGraphics.framework/Versions/A/CoreGraphics
0x000000000487f000 	/System/Library/PrivateFrameworks/Backup.framework/Versions/A/Backup
0x000000000487f000 	/System/Library/Frameworks/CFNetwork.framework/Versions/A/CFNetwork
0x000000000487f000 	/System/Library/Frameworks/SystemConfiguration.framework/Versions/A/SystemConfiguration
0x000000000487f000 	/usr/lib/libCRFSuite.dylib
0x000000000487f000 	/usr/lib/libc++.1.dylib
0x000000000487f000 	/usr/lib/libc++abi.dylib
0x000000000487f000 	/usr/lib/system/libcache.dylib
0x000000000487f000 	/usr/lib/system/libcommonCrypto.dylib
0x000000000487f000 	/usr/lib/system/libcompiler_rt.dylib
0x000000000487f000 	/usr/lib/system/libcopyfile.dylib
0x000000000487f000 	/usr/lib/system/libcorecrypto.dylib
0x000000000487f000 	/usr/lib/system/libdispatch.dylib
0x000000000487f000 	/usr/lib/system/libdyld.dylib
0x000000000487f000 	/usr/lib/system/libkeymgr.dylib
0x000000000487f000 	/usr/lib/system/liblaunch.dylib
0x000000000487f000 	/usr/lib/system/libmacho.dylib
0x000000000487f000 	/usr/lib/system/libquarantine.dylib
0x000000000487f000 	/usr/lib/system/libremovefile.dylib
0x000000000487f000 	/usr/lib/system/libsystem_asl.dylib
0x000000000487f000 	/usr/lib/system/libsystem_blocks.dylib
0x000000000487f000 	/usr/lib/system/libsystem_c.dylib
0x000000000487f000 	/usr/lib/system/libsystem_configuration.dylib
0x000000000487f000 	/usr/lib/system/libsystem_dnssd.dylib
0x000000000487f000 	/usr/lib/system/libsystem_info.dylib
0x000000000487f000 	/usr/lib/system/libsystem_kernel.dylib
0x000000000487f000 	/usr/lib/system/libsystem_m.dylib
0x000000000487f000 	/usr/lib/system/libsystem_malloc.dylib
0x000000000487f000 	/usr/lib/system/libsystem_network.dylib
0x000000000487f000 	/usr/lib/system/libsystem_notify.dylib
0x000000000487f000 	/usr/lib/system/libsystem_platform.dylib
0x000000000487f000 	/usr/lib/system/libsystem_pthread.dylib
0x000000000487f000 	/usr/lib/system/libsystem_sandbox.dylib
0x000000000487f000 	/usr/lib/system/libsystem_stats.dylib
0x000000000487f000 	/usr/lib/system/libunc.dylib
0x000000000487f000 	/usr/lib/system/libunwind.dylib
0x000000000487f000 	/usr/lib/system/libxpc.dylib
0x000000000487f000 	/usr/lib/libbsm.0.dylib
0x000000000487f000 	/usr/lib/libsqlite3.dylib
0x000000000487f000 	/usr/lib/libxar.1.dylib
0x000000000487f000 	/usr/lib/libpam.2.dylib
0x000000000487f000 	/usr/lib/libOpenScriptingUtil.dylib
0x000000000487f000 	/usr/lib/libbz2.1.0.dylib
0x000000000487f000 	/System/Library/Frameworks/CoreServices.framework/Versions/A/Frameworks/CarbonCore.framework/Versions/A/CarbonCore
0x000000000487f000 	/System/Library/Frameworks/CoreServices.framework/Versions/A/Frameworks/Metadata.framework/Versions/A/Metadata
0x000000000487f000 	/System/Library/Frameworks/CoreServices.framework/Versions/A/Frameworks/OSServices.framework/Versions/A/OSServices
0x000000000487f000 	/System/Library/Frameworks/CoreServices.framework/Versions/A/Frameworks/SearchKit.framework/Versions/A/SearchKit
0x000000000487f000 	/System/Library/Frameworks/CoreServices.framework/Versions/A/Frameworks/AE.framework/Versions/A/AE
0x000000000487f000 	/System/Library/Frameworks/CoreServices.framework/Versions/A/Frameworks/LaunchServices.framework/Versions/A/LaunchServices
0x000000000487f000 	/System/Library/Frameworks/CoreServices.framework/Versions/A/Frameworks/DictionaryServices.framework/Versions/A/DictionaryServices
0x000000000487f000 	/System/Library/Frameworks/NetFS.framework/Versions/A/NetFS
0x000000000487f000 	/usr/lib/system/libkxld.dylib
0x000000000487f000 	/System/Library/PrivateFrameworks/NetAuth.framework/Versions/A/NetAuth
0x000000000487f000 	/System/Library/PrivateFrameworks/TCC.framework/Versions/A/TCC
0x000000000487f000 	/System/Library/Frameworks/OpenDirectory.framework/Versions/A/Frameworks/CFOpenDirectory.framework/Versions/A/CFOpenDirectory
0x000000000487f000 	/System/Library/Frameworks/ServiceManagement.framework/Versions/A/ServiceManagement
0x000000000487f000 	/usr/lib/libxslt.1.dylib
0x000000000487f000 	/System/Library/Frameworks/Carbon.framework/Versions/A/Frameworks/Ink.framework/Versions/A/Ink
0x000000000487f000 	/System/Library/Frameworks/ApplicationServices.framework/Versions/A/Frameworks/ATS.framework/Versions/A/ATS
0x000000000487f000 	/System/Library/Frameworks/ApplicationServices.framework/Versions/A/Frameworks/ColorSync.framework/Versions/A/ColorSync
0x000000000487f000 	/System/Library/Frameworks/ApplicationServices.framework/Versions/A/Frameworks/HIServices.framework/Versions/A/HIServices
0x000000000487f000 	/System/Library/Frameworks/ApplicationServices.framework/Versions/A/Frameworks/LangAnalysis.framework/Versions/A/LangAnalysis
0x000000000487f000 	/System/Library/Frameworks/ApplicationServices.framework/Versions/A/Frameworks/PrintCore.framework/Versions/A/PrintCore
0x000000000487f000 	/System/Library/Frameworks/ApplicationServices.framework/Versions/A/Frameworks/QD.framework/Versions/A/QD
0x000000000487f000 	/System/Library/Frameworks/ApplicationServices.framework/Versions/A/Frameworks/SpeechSynthesis.framework/Versions/A/SpeechSynthesis
0x000000000487f000 	/System/Library/Frameworks/IOSurface.framework/Versions/A/IOSurface
0x000000000487f000 	/System/Library/Frameworks/Accelerate.framework/Versions/A/Accelerate
0x000000000487f000 	/System/Library/Frameworks/Accelerate.framework/Versions/A/Frameworks/vImage.framework/Versions/A/vImage
0x000000000487f000 	/System/Library/Frameworks/Accelerate.framework/Versions/A/Frameworks/vecLib.framework/Versions/A/vecLib
0x000000000487f000 	/System/Library/Frameworks/Accelerate.framework/Versions/A/Frameworks/vecLib.framework/Versions/A/libvDSP.dylib
0x000000000487f000 	/System/Library/Frameworks/Accelerate.framework/Versions/A/Frameworks/vecLib.framework/Versions/A/libvMisc.dylib
0x000000000487f000 	/System/Library/Frameworks/Accelerate.framework/Versions/A/Frameworks/vecLib.framework/Versions/A/libLAPACK.dylib
0x000000000487f000 	/System/Library/Frameworks/Accelerate.framework/Versions/A/Frameworks/vecLib.framework/Versions/A/libBLAS.dylib
0x000000000487f000 	/System/Library/Frameworks/ApplicationServices.framework/Versions/A/Frameworks/ATS.framework/Versions/A/Resources/libFontParser.dylib
0x000000000487f000 	/System/Library/Frameworks/ApplicationServices.framework/Versions/A/Frameworks/ATS.framework/Versions/A/Resources/libFontRegistry.dylib
0x000000000487f000 	/System/Library/Frameworks/ImageIO.framework/Versions/A/Resources/libJPEG.dylib
0x000000000487f000 	/System/Library/Frameworks/ImageIO.framework/Versions/A/Resources/libTIFF.dylib
0x000000000487f000 	/System/Library/Frameworks/ImageIO.framework/Versions/A/Resources/libPng.dylib
0x000000000487f000 	/System/Library/Frameworks/ImageIO.framework/Versions/A/Resources/libGIF.dylib
0x000000000487f000 	/System/Library/Frameworks/ImageIO.framework/Versions/A/Resources/libJP2.dylib
0x000000000487f000 	/System/Library/Frameworks/ImageIO.framework/Versions/A/Resources/libRadiance.dylib
0x000000000487f000 	/usr/lib/libcups.2.dylib
0x000000000487f000 	/System/Library/Frameworks/Kerberos.framework/Versions/A/Kerberos
0x000000000487f000 	/System/Library/Frameworks/GSS.framework/Versions/A/GSS
0x000000000487f000 	/usr/lib/libresolv.9.dylib
0x000000000487f000 	/usr/lib/libiconv.2.dylib
0x000000000487f000 	/System/Library/PrivateFrameworks/Heimdal.framework/Versions/A/Heimdal
0x000000000487f000 	/System/Library/PrivateFrameworks/TrustEvaluationAgent.framework/Versions/A/TrustEvaluationAgent
0x000000000487f000 	/usr/lib/libheimdal-asn1.dylib
0x000000000487f000 	/System/Library/Frameworks/OpenDirectory.framework/Versions/A/OpenDirectory
0x000000000487f000 	/System/Library/PrivateFrameworks/CommonAuth.framework/Versions/A/CommonAuth
0x000000000487f000 	/System/Library/Frameworks/SecurityFoundation.framework/Versions/A/SecurityFoundation
0x000000000487f000 	/System/Library/PrivateFrameworks/Bom.framework/Versions/A/Bom
0x000000000487f000 	/System/Library/Frameworks/CoreVideo.framework/Versions/A/CoreVideo
0x000000000487f000 	/System/Library/Frameworks/QuartzCore.framework/Versions/A/Frameworks/CoreImage.framework/Versions/A/CoreImage
0x000000000487f000 	/System/Library/Frameworks/QuartzCore.framework/Versions/A/Frameworks/ScalableUserInterface.framework/Versions/A/ScalableUserInterface
0x000000000487f000 	/System/Library/Frameworks/OpenGL.framework/Versions/A/Libraries/libGLU.dylib
0x000000000487f000 	/System/Library/Frameworks/OpenGL.framework/Versions/A/Libraries/libGFXShared.dylib
0x000000000487f000 	/System/Library/Frameworks/OpenGL.framework/Versions/A/Libraries/libGL.dylib
0x000000000487f000 	/System/Library/Frameworks/OpenGL.framework/Versions/A/Libraries/libGLImage.dylib
0x000000000487f000 	/System/Library/Frameworks/OpenGL.framework/Versions/A/Libraries/libCVMSPluginSupport.dylib
0x000000000487f000 	/System/Library/Frameworks/OpenGL.framework/Versions/A/Libraries/libCoreVMClient.dylib
0x000000000487f000 	/System/Library/PrivateFrameworks/FaceCore.framework/Versions/A/FaceCore
0x000000000487f000 	/System/Library/PrivateFrameworks/CrashReporterSupport.framework/Versions/A/CrashReporterSupport
0x000000000487f000 	/System/Library/Frameworks/OpenCL.framework/Versions/A/OpenCL
0x000000000487f000 	/System/Library/PrivateFrameworks/AppleFSCompression.framework/Versions/A/AppleFSCompression
0x000000000487f000 	/System/Library/PrivateFrameworks/Ubiquity.framework/Versions/A/Ubiquity
0x000000000487f000 	/System/Library/PrivateFrameworks/IconServices.framework/Versions/A/IconServices
0x000000000487f000 	/System/Library/PrivateFrameworks/ChunkingLibrary.framework/Versions/A/ChunkingLibrary
0x000000000487f000 	/System/Library/PrivateFrameworks/CoreSymbolication.framework/Versions/A/CoreSymbolication
0x000000000487f000 	/System/Library/PrivateFrameworks/Symbolication.framework/Versions/A/Symbolication
0x000000000487f000 	/System/Library/PrivateFrameworks/DebugSymbols.framework/Versions/A/DebugSymbols
0x000000010df24000 	/Library/Java/JavaVirtualMachines/jdk1.7.0_11.jdk/Contents/Home/jre/lib/server/libjvm.dylib
0x000000000487f000 	/usr/lib/libstdc++.6.dylib
0x000000010e9e1000 	/Library/Java/JavaVirtualMachines/jdk1.7.0_11.jdk/Contents/Home/jre/lib/libverify.dylib
0x000000010f303000 	/Library/Java/JavaVirtualMachines/jdk1.7.0_11.jdk/Contents/Home/jre/lib/libjava.dylib
0x000000010f333000 	/Library/Java/JavaVirtualMachines/jdk1.7.0_11.jdk/Contents/Home/jre/lib/libzip.dylib
0x0000000112a2c000 	/System/Library/Frameworks/JavaVM.framework/Frameworks/JavaRuntimeSupport.framework/JavaRuntimeSupport
0x0000000112a44000 	/System/Library/Frameworks/JavaVM.framework/Versions/A/Frameworks/JavaNativeFoundation.framework/Versions/A/JavaNativeFoundation
0x0000000112a58000 	/System/Library/Frameworks/JavaVM.framework/Versions/A/JavaVM
0x000000000487f000 	/System/Library/Frameworks/Carbon.framework/Versions/A/Carbon
0x0000000112a64000 	/System/Library/PrivateFrameworks/JavaLaunching.framework/Versions/A/JavaLaunching
0x000000000487f000 	/System/Library/Frameworks/Carbon.framework/Versions/A/Frameworks/CommonPanels.framework/Versions/A/CommonPanels
0x000000000487f000 	/System/Library/Frameworks/Carbon.framework/Versions/A/Frameworks/Help.framework/Versions/A/Help
0x000000000487f000 	/System/Library/Frameworks/Carbon.framework/Versions/A/Frameworks/ImageCapture.framework/Versions/A/ImageCapture
0x000000000487f000 	/System/Library/Frameworks/Carbon.framework/Versions/A/Frameworks/OpenScripting.framework/Versions/A/OpenScripting
0x000000000487f000 	/System/Library/Frameworks/Carbon.framework/Versions/A/Frameworks/Print.framework/Versions/A/Print
0x000000000487f000 	/System/Library/Frameworks/Carbon.framework/Versions/A/Frameworks/SecurityHI.framework/Versions/A/SecurityHI
0x00000001132a6000 	/Library/Java/JavaVirtualMachines/jdk1.7.0_11.jdk/Contents/Home/jre/lib/libnio.dylib
0x00000001132b5000 	/Library/Java/JavaVirtualMachines/jdk1.7.0_11.jdk/Contents/Home/jre/lib/./libnet.dylib

VM Arguments:
jvm_args: -Dclassworlds.conf=/usr/local/apache-maven/apache-maven-3.3.3/bin/m2.conf -Dmaven.home=/usr/local/apache-maven/apache-maven-3.3.3 -Dmaven.multiModuleProjectDirectory=/Users/mindtap/Documents/workspace/cgi 
java_command: org.codehaus.plexus.classworlds.launcher.Launcher clean test -Denv.CBURL=https://d-login.cengage.com/cb/login.htm -Denv.OLRURL=http://d-olradmin.cengage.com/olr/admin/index.jsp -Denv.USER=soapui_mktg9@ng.com -Denv.PASS=Techizen_123 -Denv.OLRUSER=vinay.thakur@contractor.cengage.com -Denv.OLRPASS=Techizen_123 -Denv.XLS=/Users/mindtap/SOAPUI/Data/SoapUI_INT_e2e_4LTR_MTKG9_Variant.xls
Launcher Type: SUN_STANDARD

Environment Variables:
JAVA_HOME=/Library/Java/JavaVirtualMachines/jdk1.7.0_11.jdk/Contents/Home/jre
PATH=/usr/local/opt/coreutils/libexec/gnubin:/usr/bin:/bin:/usr/sbin:/sbin:/usr/local/bin:/usr/local/git/bin:/usr/local/munki:/usr/local/apache-maven/apache-maven-3.3.3/bin:/usr/local/apache-maven/apache-maven-3.3.3/bin
SHELL=/bin/bash

Signal Handlers:
SIGSEGV: [libjvm.dylib+0x4a363d], sa_mask[0]=0xfffefeff, sa_flags=0x00000042
SIGBUS: [libjvm.dylib+0x4a363d], sa_mask[0]=0xfffefeff, sa_flags=0x00000042
SIGFPE: [libjvm.dylib+0x3b3051], sa_mask[0]=0xfffefeff, sa_flags=0x00000042
SIGPIPE: [libjvm.dylib+0x3b3051], sa_mask[0]=0xfffefeff, sa_flags=0x00000042
SIGXFSZ: [libjvm.dylib+0x3b3051], sa_mask[0]=0xfffefeff, sa_flags=0x00000042
SIGILL: [libjvm.dylib+0x3b3051], sa_mask[0]=0xfffefeff, sa_flags=0x00000042
SIGUSR1: SIG_DFL, sa_mask[0]=0x63807efb, sa_flags=0x00000000
SIGUSR2: [libjvm.dylib+0x3b2bea], sa_mask[0]=0x00000000, sa_flags=0x00000042
SIGHUP: [libjvm.dylib+0x3b0e4b], sa_mask[0]=0xfffefeff, sa_flags=0x00000042
SIGINT: [libjvm.dylib+0x3b0e4b], sa_mask[0]=0xfffefeff, sa_flags=0x00000042
SIGTERM: [libjvm.dylib+0x3b0e4b], sa_mask[0]=0xfffefeff, sa_flags=0x00000042
SIGQUIT: [libjvm.dylib+0x3b0e4b], sa_mask[0]=0xfffefeff, sa_flags=0x00000042


---------------  S Y S T E M  ---------------

OS:Bsduname:Darwin 13.4.0 Darwin Kernel Version 13.4.0: Sun Aug 17 19:50:11 PDT 2014; root:xnu-2422.115.4~1/RELEASE_X86_64 x86_64
rlimit: STACK 8192k, CORE 0k, NPROC 709, NOFILE 10240, AS infinity
load average:1.35 1.63 1.61

CPU:total 4 (2 cores per cpu, 2 threads per core) family 6 model 42 stepping 7, cmov, cx8, fxsr, mmx, sse, sse2, sse3, ssse3, sse4.1, sse4.2, popcnt, avx, ht, tsc, tscinvbit

Memory: 4k page, physical 192776k(48194k free)

/proc/meminfo:


vm_info: Java HotSpot(TM) 64-Bit Server VM (23.6-b04) for bsd-amd64 JRE (1.7.0_11-b21), built on Jan 13 2013 01:04:28 by "java_re" with gcc 4.2.1 (Based on Apple Inc. build 5658) (LLVM build 2336.11.00)

time: Fri Jul 24 14:02:52 2015
elapsed time: 0 seconds

