#
# A fatal error has been detected by the Java Runtime Environment:
#
#  SIGSEGV (0xb) at pc=0x000000010bc51e79, pid=48792, tid=9219
#
# JRE version: 7.0_11-b21
# Java VM: Java HotSpot(TM) 64-Bit Server VM (23.6-b04 mixed mode bsd-amd64 compressed oops)
# Problematic frame:
# V  [libjvm.dylib+0x251e79]
#
# Failed to write core dump. Core dumps have been disabled. To enable core dumping, try "ulimit -c unlimited" before starting Java again
#
# If you would like to submit a bug report, please visit:
#   http://bugreport.sun.com/bugreport/crash.jsp
#

---------------  T H R E A D  ---------------

Current thread (0x00007ff0bc057800):  VMThread [stack: 0x000000010f845000,0x000000010f945000] [id=9219]

siginfo:si_signo=SIGSEGV: si_errno=0, si_code=1 (SEGV_MAPERR), si_addr=0x00000007e5544580

Registers:
RAX=0x00000007f7677b18, RBX=0x000000010f944888, RCX=0x0000000000000003, RDX=0xffffffffffffffe0
RSP=0x000000010f9446f0, RBP=0x000000010f944740, RSI=0x00000007e5544580, RDI=0x00000007f7677b20
R8 =0x0000000000000000, R9 =0x00000007fb420e98, R10=0x000000010c12d970, R11=0x000000000214a8b8
R12=0x00000007f766acc8, R13=0x00000007f766acfc, R14=0x00000007fb420e98, R15=0x000000010c0b2530
RIP=0x000000010bc51e79, EFLAGS=0x0000000000010283, ERR=0x0000000000000004
  TRAPNO=0x000000000000000e

Top of Stack: (sp=0x000000010f9446f0)
0x000000010f9446f0:   00000007f766861c 00000007fb420460
0x000000010f944700:   00000007fb420e98 00000007f766ac98
0x000000010f944710:   00000007fb420ea0 000000010f944888
0x000000010f944720:   000000010c0b2530 00000007f766ac98
0x000000010f944730:   00000007f7670168 0000000000000240
0x000000010f944740:   000000010f944780 000000010be20434
0x000000010f944750:   00007ff0bbc0b2b0 000000010f944888
0x000000010f944760:   000000010f944858 00007ff0bbc33480
0x000000010f944770:   00007ff0bbc0b0d0 0000000000000001
0x000000010f944780:   000000010f9447a0 000000010bc30669
0x000000010f944790:   000000010f944888 00007ff0bbc096a0
0x000000010f9447a0:   000000010f9447d0 000000010bc2700b
0x000000010f9447b0:   0000000000000000 000000010f944858
0x000000010f9447c0:   00007ff0bbc096a0 00007ff0bbc09c50
0x000000010f9447d0:   000000010f9447f0 000000010bbb3758
0x000000010f9447e0:   00007ff0bbc096a0 00007ff0bbc09b60
0x000000010f9447f0:   000000010f9449c0 000000010bbb5a19
0x000000010f944800:   000000010f9448d8 0000000000000001
0x000000010f944810:   000000010f944888 0000000000bfa700
0x000000010f944820:   0000000000000000 0000000000000000
0x000000010f944830:   0000000000000000 0000000000000000
0x000000010f944840:   000000010f944850 00007fff84c41bd9
0x000000010f944850:   0000000000000000 000000010c119330
0x000000010f944860:   00007ff0bbc096a0 0000000000000000
0x000000010f944870:   00007ff0bbc09b60 000000010f9448d8
0x000000010f944880:   000000010f944888 000000010c1193b0
0x000000010f944890:   000000010f944800 00007ff0bbc33480
0x000000010f9448a0:   00007ff0bbc09b60 00007ff0bbc0b0d0
0x000000010f9448b0:   00000007f6f50000 00007ff0bbc09990
0x000000010f9448c0:   00007ff0bbc09b60 00000007f6f50000
0x000000010f9448d0:   000000010f944801 000000010c1193b0
0x000000010f9448e0:   000000010f944900 00007ff0bbc33480 

Instructions: (pc=0x000000010bc51e79)
0x000000010bc51e59:   39 ec 73 84 41 8b 34 24 48 85 f6 74 ee 41 8b 4f
0x000000010bc51e69:   08 48 d3 e6 4d 8b 07 4c 01 c6 48 3b 73 40 73 db
0x000000010bc51e79:   48 8b 06 48 83 e0 03 48 83 f8 03 75 82 48 8b 06
0x000000010bc51e89:   48 8d 15 e9 09 45 00 80 3a 00 74 14 48 89 c2 48 

Register to memory mapping:

RAX=0x00000007f7677b18 is an oop
com.gargoylesoftware.htmlunit.html.HtmlLabel 
 - klass: 'com/gargoylesoftware/htmlunit/html/HtmlLabel'
RBX=0x000000010f944888 is an unknown value
RCX=0x0000000000000003 is an unknown value
RDX=0xffffffffffffffe0 is an unknown value
RSP=0x000000010f9446f0 is an unknown value
RBP=0x000000010f944740 is an unknown value
RSI=0x00000007e5544580 is an unknown value
RDI=0x00000007f7677b20 is an oop
com.gargoylesoftware.htmlunit.html.HtmlLabel 
 - klass: 'com/gargoylesoftware/htmlunit/html/HtmlLabel'
R8 =0x0000000000000000 is an unknown value
R9 =0x00000007fb420e98 is an oop
{instance class} 
 - klass: {other class}
R10=0x000000010c12d970: UseCompressedOops+0 in /Library/Java/JavaVirtualMachines/jdk1.7.0_11.jdk/Contents/Home/jre/lib/server/libjvm.dylib at 0x000000010ba00000
R11=0x000000000214a8b8 is an unknown value
R12=0x00000007f766acc8 is an oop
com.gargoylesoftware.htmlunit.html.HtmlDivision 
 - klass: 'com/gargoylesoftware/htmlunit/html/HtmlDivision'
R13=0x00000007f766acfc is an oop
com.gargoylesoftware.htmlunit.html.HtmlDivision 
 - klass: 'com/gargoylesoftware/htmlunit/html/HtmlDivision'
R14=0x00000007fb420e98 is an oop
{instance class} 
 - klass: {other class}
R15=0x000000010c0b2530: _ZN8Universe11_narrow_oopE+0 in /Library/Java/JavaVirtualMachines/jdk1.7.0_11.jdk/Contents/Home/jre/lib/server/libjvm.dylib at 0x000000010ba00000


Stack: [0x000000010f845000,0x000000010f945000],  sp=0x000000010f9446f0,  free space=1021k
Native frames: (J=compiled Java code, j=interpreted, Vv=VM code, C=native code)
V  [libjvm.dylib+0x251e79]
V  [libjvm.dylib+0x420434]
V  [libjvm.dylib+0x230669]
V  [libjvm.dylib+0x22700b]
V  [libjvm.dylib+0x1b3758]
V  [libjvm.dylib+0x1b5a19]
V  [libjvm.dylib+0x228d83]
V  [libjvm.dylib+0x171a8d]
V  [libjvm.dylib+0x4a390e]
V  [libjvm.dylib+0x4a9f25]
V  [libjvm.dylib+0x4a8caa]
V  [libjvm.dylib+0x4a9098]
V  [libjvm.dylib+0x4a8a47]
V  [libjvm.dylib+0x3b51b5]
C  [libsystem_pthread.dylib+0x1899]  _pthread_body+0x8a
C  [libsystem_pthread.dylib+0x172a]  _pthread_struct_init+0x0
C  [libsystem_pthread.dylib+0x5fc9]  thread_start+0xd

VM_Operation (0x000000010b174c60): GenCollectForAllocation, mode: safepoint, requested by thread 0x00007ff0bc006000


---------------  P R O C E S S  ---------------

Java Threads: ( => current thread )
  0x00007ff0bd175000 JavaThread "JS executor for com.gargoylesoftware.htmlunit.WebClient@57ddbced" daemon [_thread_blocked, id=15875, stack(0x00000001105c4000,0x00000001106c4000)]
  0x00007ff0bd026800 JavaThread "Service Thread" daemon [_thread_blocked, id=15363, stack(0x000000010ff8c000,0x000000011008c000)]
  0x00007ff0bd026000 JavaThread "C2 CompilerThread1" daemon [_thread_blocked, id=15107, stack(0x000000010fe89000,0x000000010ff89000)]
  0x00007ff0bc062800 JavaThread "C2 CompilerThread0" daemon [_thread_blocked, id=14851, stack(0x000000010fd86000,0x000000010fe86000)]
  0x00007ff0bd00e000 JavaThread "Signal Dispatcher" daemon [_thread_blocked, id=14595, stack(0x000000010fc83000,0x000000010fd83000)]
  0x00007ff0bd007800 JavaThread "Finalizer" daemon [_thread_blocked, id=9731, stack(0x000000010fa4b000,0x000000010fb4b000)]
  0x00007ff0bd000800 JavaThread "Reference Handler" daemon [_thread_blocked, id=9475, stack(0x000000010f948000,0x000000010fa48000)]
  0x00007ff0bc006000 JavaThread "main" [_thread_blocked, id=5891, stack(0x000000010b078000,0x000000010b178000)]

Other Threads:
=>0x00007ff0bc057800 VMThread [stack: 0x000000010f845000,0x000000010f945000] [id=9219]
  0x00007ff0bd010000 WatcherThread [stack: 0x000000011008f000,0x000000011018f000] [id=15619]

VM state:at safepoint (normal execution)

VM Mutex/Monitor currently owned by a thread:  ([mutex/lock_event])
[0x00007ff0bbe03330] Threads_lock - owner thread: 0x00007ff0bc057800
[0x00007ff0bbe03830] Heap_lock - owner thread: 0x00007ff0bc006000

Heap
 def new generation   total 5120K, used 5120K [0x00000007f5000000, 0x00000007f5580000, 0x00000007f6f50000)
  eden space 4608K, 100% used [0x00000007f5000000, 0x00000007f5480000, 0x00000007f5480000)
  from space 512K, 100% used [0x00000007f5500000, 0x00000007f5580000, 0x00000007f5580000)
  to   space 512K,  98% used [0x00000007f5480000, 0x00000007f54fd788, 0x00000007f5500000)
 tenured generation   total 11212K, used 7326K [0x00000007f6f50000, 0x00000007f7a43000, 0x00000007fae00000)
   the space 11212K,  65% used [0x00000007f6f50000, 0x00000007f7677b80, 0x00000007f7677c00, 0x00000007f7a43000)
 compacting perm gen  total 21248K, used 17985K [0x00000007fae00000, 0x00000007fc2c0000, 0x0000000800000000)
   the space 21248K,  84% used [0x00000007fae00000, 0x00000007fbf90650, 0x00000007fbf90800, 0x00000007fc2c0000)
No shared spaces configured.

Card table byte_map: [0x000000010f567000,0x000000010f5c0000] byte_map_base: 0x000000010b5bf000

Polling page: 0x000000010b1b7000

Code Cache  [0x000000010c4a7000, 0x000000010c717000, 0x000000010f4a7000)
 total_blobs=655 nmethods=307 adapters=300 free_code_cache=48026Kb largest_free_block=49137664

Compilation events (10 events):
Event: 19.443 Thread 0x00007ff0bd026000 nmethod 310 0x000000010c5c1110 code [0x000000010c5c1280, 0x000000010c5c1718]
Event: 19.443 Thread 0x00007ff0bd026000  311             sun.security.provider.DigestBase::engineUpdate (188 bytes)
Event: 19.450 Thread 0x00007ff0bd026000 nmethod 311 0x000000010c5c19d0 code [0x000000010c5c1b60, 0x000000010c5c2008]
Event: 19.455 Thread 0x00007ff0bc062800 nmethod 309 0x000000010c5c5e90 code [0x000000010c5c6380, 0x000000010c5c8770]
Event: 19.478 Thread 0x00007ff0bd026000  312             net.sourceforge.htmlunit.corejs.javascript.ScriptableObject::getSlotIndex (6 bytes)
Event: 19.478 Thread 0x00007ff0bd026000 nmethod 312 0x000000010c565650 code [0x000000010c565780, 0x000000010c5657b8]
Event: 19.483 Thread 0x00007ff0bc062800  313             java.util.HashMap$EntrySet::iterator (8 bytes)
Event: 19.486 Thread 0x00007ff0bd026000  314             sun.nio.cs.UTF_8$Decoder::decodeArrayLoop (543 bytes)
Event: 19.491 Thread 0x00007ff0bc062800 nmethod 313 0x000000010c5bed90 code [0x000000010c5bef00, 0x000000010c5bf2c8]
Event: 19.491 Thread 0x00007ff0bc062800  315             org.cyberneko.html.HTMLScanner::access$1000 (7 bytes)

GC Heap History (10 events):
Event: 2.140 GC heap after
Heap after GC invocations=49 (full 2):
 def new generation   total 3136K, used 320K [0x00000007f5000000, 0x00000007f5360000, 0x00000007f6f50000)
  eden space 2816K,   0% used [0x00000007f5000000, 0x00000007f5000000, 0x00000007f52c0000)
  from space 320K, 100% used [0x00000007f52c0000, 0x00000007f5310000, 0x00000007f5310000)
  to   space 320K,   0% used [0x00000007f5310000, 0x00000007f5310000, 0x00000007f5360000)
 tenured generation   total 6852K, used 5928K [0x00000007f6f50000, 0x00000007f7601000, 0x00000007fae00000)
   the space 6852K,  86% used [0x00000007f6f50000, 0x00000007f751a190, 0x00000007f751a200, 0x00000007f7601000)
 compacting perm gen  total 21248K, used 15055K [0x00000007fae00000, 0x00000007fc2c0000, 0x0000000800000000)
   the space 21248K,  70% used [0x00000007fae00000, 0x00000007fbcb3ef0, 0x00000007fbcb4000, 0x00000007fc2c0000)
No shared spaces configured.
}
Event: 2.188 GC heap before
{Heap before GC invocations=49 (full 2):
 def new generation   total 3136K, used 3136K [0x00000007f5000000, 0x00000007f5360000, 0x00000007f6f50000)
  eden space 2816K, 100% used [0x00000007f5000000, 0x00000007f52c0000, 0x00000007f52c0000)
  from space 320K, 100% used [0x00000007f52c0000, 0x00000007f5310000, 0x00000007f5310000)
  to   space 320K,   0% used [0x00000007f5310000, 0x00000007f5310000, 0x00000007f5360000)
 tenured generation   total 6852K, used 5928K [0x00000007f6f50000, 0x00000007f7601000, 0x00000007fae00000)
   the space 6852K,  86% used [0x00000007f6f50000, 0x00000007f751a190, 0x00000007f751a200, 0x00000007f7601000)
 compacting perm gen  total 21248K, used 15461K [0x00000007fae00000, 0x00000007fc2c0000, 0x0000000800000000)
   the space 21248K,  72% used [0x00000007fae00000, 0x00000007fbd19558, 0x00000007fbd19600, 0x00000007fc2c0000)
No shared spaces configured.
Event: 2.191 GC heap after
Heap after GC invocations=50 (full 2):
 def new generation   total 3136K, used 320K [0x00000007f5000000, 0x00000007f5360000, 0x00000007f6f50000)
  eden space 2816K,   0% used [0x00000007f5000000, 0x00000007f5000000, 0x00000007f52c0000)
  from space 320K, 100% used [0x00000007f5310000, 0x00000007f5360000, 0x00000007f5360000)
  to   space 320K,   0% used [0x00000007f52c0000, 0x00000007f52c0000, 0x00000007f5310000)
 tenured generation   total 6852K, used 6133K [0x00000007f6f50000, 0x00000007f7601000, 0x00000007fae00000)
   the space 6852K,  89% used [0x00000007f6f50000, 0x00000007f754d5c8, 0x00000007f754d600, 0x00000007f7601000)
 compacting perm gen  total 21248K, used 15461K [0x00000007fae00000, 0x00000007fc2c0000, 0x0000000800000000)
   the space 21248K,  72% used [0x00000007fae00000, 0x00000007fbd19558, 0x00000007fbd19600, 0x00000007fc2c0000)
No shared spaces configured.
}
Event: 2.368 GC heap before
{Heap before GC invocations=50 (full 2):
 def new generation   total 3136K, used 3136K [0x00000007f5000000, 0x00000007f5360000, 0x00000007f6f50000)
  eden space 2816K, 100% used [0x00000007f5000000, 0x00000007f52c0000, 0x00000007f52c0000)
  from space 320K, 100% used [0x00000007f5310000, 0x00000007f5360000, 0x00000007f5360000)
  to   space 320K,   0% used [0x00000007f52c0000, 0x00000007f52c0000, 0x00000007f5310000)
 tenured generation   total 6852K, used 6133K [0x00000007f6f50000, 0x00000007f7601000, 0x00000007fae00000)
   the space 6852K,  89% used [0x00000007f6f50000, 0x00000007f754d5c8, 0x00000007f754d600, 0x00000007f7601000)
 compacting perm gen  total 21248K, used 16322K [0x00000007fae00000, 0x00000007fc2c0000, 0x0000000800000000)
   the space 21248K,  76% used [0x00000007fae00000, 0x00000007fbdf08f0, 0x00000007fbdf0a00, 0x00000007fc2c0000)
No shared spaces configured.
Event: 2.374 GC heap after
Heap after GC invocations=51 (full 2):
 def new generation   total 3136K, used 319K [0x00000007f5000000, 0x00000007f5360000, 0x00000007f6f50000)
  eden space 2816K,   0% used [0x00000007f5000000, 0x00000007f5000000, 0x00000007f52c0000)
  from space 320K,  99% used [0x00000007f52c0000, 0x00000007f530fff8, 0x00000007f5310000)
  to   space 320K,   0% used [0x00000007f5310000, 0x00000007f5310000, 0x00000007f5360000)
 tenured generation   total 6852K, used 6589K [0x00000007f6f50000, 0x00000007f7601000, 0x00000007fae00000)
   the space 6852K,  96% used [0x00000007f6f50000, 0x00000007f75bf530, 0x00000007f75bf600, 0x00000007f7601000)
 compacting perm gen  total 21248K, used 16322K [0x00000007fae00000, 0x00000007fc2c0000, 0x0000000800000000)
   the space 21248K,  76% used [0x00000007fae00000, 0x00000007fbdf08f0, 0x00000007fbdf0a00, 0x00000007fc2c0000)
No shared spaces configured.
}
Event: 2.549 GC heap before
{Heap before GC invocations=51 (full 2):
 def new generation   total 3136K, used 3135K [0x00000007f5000000, 0x00000007f5360000, 0x00000007f6f50000)
  eden space 2816K, 100% used [0x00000007f5000000, 0x00000007f52c0000, 0x00000007f52c0000)
  from space 320K,  99% used [0x00000007f52c0000, 0x00000007f530fff8, 0x00000007f5310000)
  to   space 320K,   0% used [0x00000007f5310000, 0x00000007f5310000, 0x00000007f5360000)
 tenured generation   total 6852K, used 6589K [0x00000007f6f50000, 0x00000007f7601000, 0x00000007fae00000)
   the space 6852K,  96% used [0x00000007f6f50000, 0x00000007f75bf530, 0x00000007f75bf600, 0x00000007f7601000)
 compacting perm gen  total 21248K, used 16956K [0x00000007fae00000, 0x00000007fc2c0000, 0x0000000800000000)
   the space 21248K,  79% used [0x00000007fae00000, 0x00000007fbe8f258, 0x00000007fbe8f400, 0x00000007fc2c0000)
No shared spaces configured.
Event: 2.604 GC heap after
Heap after GC invocations=52 (full 3):
 def new generation   total 5120K, used 0K [0x00000007f5000000, 0x00000007f5580000, 0x00000007f6f50000)
  eden space 4608K,   0% used [0x00000007f5000000, 0x00000007f5000000, 0x00000007f5480000)
  from space 512K,   0% used [0x00000007f5480000, 0x00000007f5480000, 0x00000007f5500000)
  to   space 512K,   0% used [0x00000007f5500000, 0x00000007f5500000, 0x00000007f5580000)
 tenured generation   total 11212K, used 6725K [0x00000007f6f50000, 0x00000007f7a43000, 0x00000007fae00000)
   the space 11212K,  59% used [0x00000007f6f50000, 0x00000007f75e1670, 0x00000007f75e1800, 0x00000007f7a43000)
 compacting perm gen  total 21248K, used 16956K [0x00000007fae00000, 0x00000007fc2c0000, 0x0000000800000000)
   the space 21248K,  79% used [0x00000007fae00000, 0x00000007fbe8f258, 0x00000007fbe8f400, 0x00000007fc2c0000)
No shared spaces configured.
}
Event: 2.933 GC heap before
{Heap before GC invocations=52 (full 3):
 def new generation   total 5120K, used 4608K [0x00000007f5000000, 0x00000007f5580000, 0x00000007f6f50000)
  eden space 4608K, 100% used [0x00000007f5000000, 0x00000007f5480000, 0x00000007f5480000)
  from space 512K,   0% used [0x00000007f5480000, 0x00000007f5480000, 0x00000007f5500000)
  to   space 512K,   0% used [0x00000007f5500000, 0x00000007f5500000, 0x00000007f5580000)
 tenured generation   total 11212K, used 6725K [0x00000007f6f50000, 0x00000007f7a43000, 0x00000007fae00000)
   the space 11212K,  59% used [0x00000007f6f50000, 0x00000007f75e1670, 0x00000007f75e1800, 0x00000007f7a43000)
 compacting perm gen  total 21248K, used 17556K [0x00000007fae00000, 0x00000007fc2c0000, 0x0000000800000000)
   the space 21248K,  82% used [0x00000007fae00000, 0x00000007fbf251a8, 0x00000007fbf25200, 0x00000007fc2c0000)
No shared spaces configured.
Event: 2.940 GC heap after
Heap after GC invocations=53 (full 3):
 def new generation   total 5120K, used 512K [0x00000007f5000000, 0x00000007f5580000, 0x00000007f6f50000)
  eden space 4608K,   0% used [0x00000007f5000000, 0x00000007f5000000, 0x00000007f5480000)
  from space 512K, 100% used [0x00000007f5500000, 0x00000007f5580000, 0x00000007f5580000)
  to   space 512K,   0% used [0x00000007f5480000, 0x00000007f5480000, 0x00000007f5500000)
 tenured generation   total 11212K, used 7145K [0x00000007f6f50000, 0x00000007f7a43000, 0x00000007fae00000)
   the space 11212K,  63% used [0x00000007f6f50000, 0x00000007f764a700, 0x00000007f764a800, 0x00000007f7a43000)
 compacting perm gen  total 21248K, used 17556K [0x00000007fae00000, 0x00000007fc2c0000, 0x0000000800000000)
   the space 21248K,  82% used [0x00000007fae00000, 0x00000007fbf251a8, 0x00000007fbf25200, 0x00000007fc2c0000)
No shared spaces configured.
}
Event: 19.494 GC heap before
{Heap before GC invocations=53 (full 3):
 def new generation   total 5120K, used 5120K [0x00000007f5000000, 0x00000007f5580000, 0x00000007f6f50000)
  eden space 4608K, 100% used [0x00000007f5000000, 0x00000007f5480000, 0x00000007f5480000)
  from space 512K, 100% used [0x00000007f5500000, 0x00000007f5580000, 0x00000007f5580000)
  to   space 512K,   0% used [0x00000007f5480000, 0x00000007f5480000, 0x00000007f5500000)
 tenured generation   total 11212K, used 7145K [0x00000007f6f50000, 0x00000007f7a43000, 0x00000007fae00000)
   the space 11212K,  63% used [0x00000007f6f50000, 0x00000007f764a700, 0x00000007f764a800, 0x00000007f7a43000)
 compacting perm gen  total 21248K, used 17985K [0x00000007fae00000, 0x00000007fc2c0000, 0x0000000800000000)
   the space 21248K,  84% used [0x00000007fae00000, 0x00000007fbf90650, 0x00000007fbf90800, 0x00000007fc2c0000)
No shared spaces configured.

Deoptimization events (10 events):
Event: 2.312 Thread 0x00007ff0bc006000 Uncommon trap -34 fr.pc 0x000000010c57f498
Event: 2.355 Thread 0x00007ff0bc006000 Uncommon trap -34 fr.pc 0x000000010c521b58
Event: 2.355 Thread 0x00007ff0bc006000 Uncommon trap -34 fr.pc 0x000000010c52d45c
Event: 2.408 Thread 0x00007ff0bc006000 Uncommon trap -34 fr.pc 0x000000010c521b58
Event: 2.408 Thread 0x00007ff0bc006000 Uncommon trap -34 fr.pc 0x000000010c52d45c
Event: 2.874 Thread 0x00007ff0bc006000 Uncommon trap -34 fr.pc 0x000000010c59b97c
Event: 2.874 Thread 0x00007ff0bc006000 Uncommon trap -34 fr.pc 0x000000010c59b97c
Event: 2.875 Thread 0x00007ff0bc006000 Uncommon trap -34 fr.pc 0x000000010c59b97c
Event: 2.877 Thread 0x00007ff0bc006000 Uncommon trap -34 fr.pc 0x000000010c5a6118
Event: 2.891 Thread 0x00007ff0bc006000 Uncommon trap 51 fr.pc 0x000000010c51a54c

Internal exceptions (10 events):
Event: 2.981 Thread 0x00007ff0bc006000 Threw 0x00000007f517b1e0 at /HUDSON/workspace/jdk7u11-2-build-macosx-amd64-product/jdk7u11/hotspot/src/share/vm/prims/jvm.cpp:1166
Event: 2.982 Thread 0x00007ff0bc006000 Threw 0x00000007f51801a8 at /HUDSON/workspace/jdk7u11-2-build-macosx-amd64-product/jdk7u11/hotspot/src/share/vm/prims/jvm.cpp:1166
Event: 2.983 Thread 0x00007ff0bc006000 Threw 0x00000007f5189c70 at /HUDSON/workspace/jdk7u11-2-build-macosx-amd64-product/jdk7u11/hotspot/src/share/vm/prims/jvm.cpp:1166
Event: 2.986 Thread 0x00007ff0bc006000 Threw 0x00000007f5198e28 at /HUDSON/workspace/jdk7u11-2-build-macosx-amd64-product/jdk7u11/hotspot/src/share/vm/prims/jvm.cpp:1166
Event: 2.986 Thread 0x00007ff0bc006000 Threw 0x00000007f51a1248 at /HUDSON/workspace/jdk7u11-2-build-macosx-amd64-product/jdk7u11/hotspot/src/share/vm/prims/jvm.cpp:1166
Event: 2.989 Thread 0x00007ff0bc006000 Threw 0x00000007f51b1418 at /HUDSON/workspace/jdk7u11-2-build-macosx-amd64-product/jdk7u11/hotspot/src/share/vm/prims/jvm.cpp:1166
Event: 2.991 Thread 0x00007ff0bc006000 Threw 0x00000007f51bad48 at /HUDSON/workspace/jdk7u11-2-build-macosx-amd64-product/jdk7u11/hotspot/src/share/vm/prims/jni.cpp:742
Event: 3.247 Thread 0x00007ff0bc006000 Threw 0x00000007f51db838 at /HUDSON/workspace/jdk7u11-2-build-macosx-amd64-product/jdk7u11/hotspot/src/share/vm/prims/jni.cpp:742
Event: 3.529 Thread 0x00007ff0bc006000 Threw 0x00000007f51fafd8 at /HUDSON/workspace/jdk7u11-2-build-macosx-amd64-product/jdk7u11/hotspot/src/share/vm/prims/jni.cpp:742
Event: 19.473 Thread 0x00007ff0bc006000 Threw 0x00000007f53d7768 at /HUDSON/workspace/jdk7u11-2-build-macosx-amd64-product/jdk7u11/hotspot/src/share/vm/prims/jvm.cpp:1166

Events (10 events):
Event: 3.243 Executing VM operation: Deoptimize done
Event: 3.243 loading class 0x00007ff0bbe269e0
Event: 3.244 loading class 0x00007ff0bbe269e0 done
Event: 3.244 loading class 0x00007ff0bbe26a10
Event: 3.244 loading class 0x00007ff0bbe26a10 done
Event: 4.139 Executing VM operation: EnableBiasedLocking
Event: 4.139 Executing VM operation: EnableBiasedLocking done
Event: 19.473 loading class 0x00007ff0bbd28100
Event: 19.473 loading class 0x00007ff0bbd28100 done
Event: 19.494 Executing VM operation: GenCollectForAllocation


Dynamic libraries:
0x000000000487f000 	/System/Library/Frameworks/Cocoa.framework/Versions/A/Cocoa
0x000000000487f000 	/System/Library/Frameworks/Security.framework/Versions/A/Security
0x000000000487f000 	/System/Library/Frameworks/ApplicationServices.framework/Versions/A/ApplicationServices
0x000000000487f000 	/usr/lib/libz.1.dylib
0x000000000487f000 	/usr/lib/libSystem.B.dylib
0x000000000487f000 	/usr/lib/libobjc.A.dylib
0x000000000487f000 	/System/Library/Frameworks/CoreFoundation.framework/Versions/A/CoreFoundation
0x000000000487f000 	/System/Library/Frameworks/AppKit.framework/Versions/C/AppKit
0x000000000487f000 	/System/Library/Frameworks/CoreData.framework/Versions/A/CoreData
0x000000000487f000 	/System/Library/Frameworks/Foundation.framework/Versions/C/Foundation
0x000000000487f000 	/System/Library/PrivateFrameworks/RemoteViewServices.framework/Versions/A/RemoteViewServices
0x000000000487f000 	/System/Library/Frameworks/AudioToolbox.framework/Versions/A/AudioToolbox
0x000000000487f000 	/System/Library/Frameworks/AudioUnit.framework/Versions/A/AudioUnit
0x000000000487f000 	/System/Library/PrivateFrameworks/DataDetectorsCore.framework/Versions/A/DataDetectorsCore
0x000000000487f000 	/System/Library/PrivateFrameworks/DesktopServicesPriv.framework/Versions/A/DesktopServicesPriv
0x000000000487f000 	/System/Library/Frameworks/Carbon.framework/Versions/A/Frameworks/HIToolbox.framework/Versions/A/HIToolbox
0x000000000487f000 	/System/Library/Frameworks/QuartzCore.framework/Versions/A/QuartzCore
0x000000000487f000 	/System/Library/Frameworks/Carbon.framework/Versions/A/Frameworks/SpeechRecognition.framework/Versions/A/SpeechRecognition
0x000000000487f000 	/usr/lib/libauto.dylib
0x000000000487f000 	/usr/lib/libicucore.A.dylib
0x000000000487f000 	/usr/lib/libxml2.2.dylib
0x000000000487f000 	/System/Library/PrivateFrameworks/CoreUI.framework/Versions/A/CoreUI
0x000000000487f000 	/System/Library/Frameworks/CoreAudio.framework/Versions/A/CoreAudio
0x000000000487f000 	/System/Library/Frameworks/DiskArbitration.framework/Versions/A/DiskArbitration
0x000000000487f000 	/usr/lib/liblangid.dylib
0x000000000487f000 	/System/Library/PrivateFrameworks/MultitouchSupport.framework/Versions/A/MultitouchSupport
0x000000000487f000 	/System/Library/Frameworks/IOKit.framework/Versions/A/IOKit
0x000000000487f000 	/usr/lib/libDiagnosticMessagesClient.dylib
0x000000000487f000 	/System/Library/Frameworks/CoreServices.framework/Versions/A/CoreServices
0x000000000487f000 	/System/Library/PrivateFrameworks/PerformanceAnalysis.framework/Versions/A/PerformanceAnalysis
0x000000000487f000 	/System/Library/PrivateFrameworks/GenerationalStorage.framework/Versions/A/GenerationalStorage
0x000000000487f000 	/System/Library/Frameworks/OpenGL.framework/Versions/A/OpenGL
0x000000000487f000 	/System/Library/PrivateFrameworks/Sharing.framework/Versions/A/Sharing
0x000000000487f000 	/System/Library/Frameworks/ImageIO.framework/Versions/A/ImageIO
0x000000000487f000 	/System/Library/Frameworks/CoreText.framework/Versions/A/CoreText
0x000000000487f000 	/System/Library/Frameworks/CoreGraphics.framework/Versions/A/CoreGraphics
0x000000000487f000 	/System/Library/PrivateFrameworks/Backup.framework/Versions/A/Backup
0x000000000487f000 	/System/Library/Frameworks/CFNetwork.framework/Versions/A/CFNetwork
0x000000000487f000 	/System/Library/Frameworks/SystemConfiguration.framework/Versions/A/SystemConfiguration
0x000000000487f000 	/usr/lib/libCRFSuite.dylib
0x000000000487f000 	/usr/lib/libc++.1.dylib
0x000000000487f000 	/usr/lib/libc++abi.dylib
0x000000000487f000 	/usr/lib/system/libcache.dylib
0x000000000487f000 	/usr/lib/system/libcommonCrypto.dylib
0x000000000487f000 	/usr/lib/system/libcompiler_rt.dylib
0x000000000487f000 	/usr/lib/system/libcopyfile.dylib
0x000000000487f000 	/usr/lib/system/libcorecrypto.dylib
0x000000000487f000 	/usr/lib/system/libdispatch.dylib
0x000000000487f000 	/usr/lib/system/libdyld.dylib
0x000000000487f000 	/usr/lib/system/libkeymgr.dylib
0x000000000487f000 	/usr/lib/system/liblaunch.dylib
0x000000000487f000 	/usr/lib/system/libmacho.dylib
0x000000000487f000 	/usr/lib/system/libquarantine.dylib
0x000000000487f000 	/usr/lib/system/libremovefile.dylib
0x000000000487f000 	/usr/lib/system/libsystem_asl.dylib
0x000000000487f000 	/usr/lib/system/libsystem_blocks.dylib
0x000000000487f000 	/usr/lib/system/libsystem_c.dylib
0x000000000487f000 	/usr/lib/system/libsystem_configuration.dylib
0x000000000487f000 	/usr/lib/system/libsystem_dnssd.dylib
0x000000000487f000 	/usr/lib/system/libsystem_info.dylib
0x000000000487f000 	/usr/lib/system/libsystem_kernel.dylib
0x000000000487f000 	/usr/lib/system/libsystem_m.dylib
0x000000000487f000 	/usr/lib/system/libsystem_malloc.dylib
0x000000000487f000 	/usr/lib/system/libsystem_network.dylib
0x000000000487f000 	/usr/lib/system/libsystem_notify.dylib
0x000000000487f000 	/usr/lib/system/libsystem_platform.dylib
0x000000000487f000 	/usr/lib/system/libsystem_pthread.dylib
0x000000000487f000 	/usr/lib/system/libsystem_sandbox.dylib
0x000000000487f000 	/usr/lib/system/libsystem_stats.dylib
0x000000000487f000 	/usr/lib/system/libunc.dylib
0x000000000487f000 	/usr/lib/system/libunwind.dylib
0x000000000487f000 	/usr/lib/system/libxpc.dylib
0x000000000487f000 	/usr/lib/libbsm.0.dylib
0x000000000487f000 	/usr/lib/libsqlite3.dylib
0x000000000487f000 	/usr/lib/libxar.1.dylib
0x000000000487f000 	/usr/lib/libpam.2.dylib
0x000000000487f000 	/usr/lib/libOpenScriptingUtil.dylib
0x000000000487f000 	/usr/lib/libbz2.1.0.dylib
0x000000000487f000 	/System/Library/Frameworks/CoreServices.framework/Versions/A/Frameworks/CarbonCore.framework/Versions/A/CarbonCore
0x000000000487f000 	/System/Library/Frameworks/CoreServices.framework/Versions/A/Frameworks/Metadata.framework/Versions/A/Metadata
0x000000000487f000 	/System/Library/Frameworks/CoreServices.framework/Versions/A/Frameworks/OSServices.framework/Versions/A/OSServices
0x000000000487f000 	/System/Library/Frameworks/CoreServices.framework/Versions/A/Frameworks/SearchKit.framework/Versions/A/SearchKit
0x000000000487f000 	/System/Library/Frameworks/CoreServices.framework/Versions/A/Frameworks/AE.framework/Versions/A/AE
0x000000000487f000 	/System/Library/Frameworks/CoreServices.framework/Versions/A/Frameworks/LaunchServices.framework/Versions/A/LaunchServices
0x000000000487f000 	/System/Library/Frameworks/CoreServices.framework/Versions/A/Frameworks/DictionaryServices.framework/Versions/A/DictionaryServices
0x000000000487f000 	/System/Library/Frameworks/NetFS.framework/Versions/A/NetFS
0x000000000487f000 	/usr/lib/system/libkxld.dylib
0x000000000487f000 	/System/Library/PrivateFrameworks/NetAuth.framework/Versions/A/NetAuth
0x000000000487f000 	/System/Library/PrivateFrameworks/TCC.framework/Versions/A/TCC
0x000000000487f000 	/System/Library/Frameworks/OpenDirectory.framework/Versions/A/Frameworks/CFOpenDirectory.framework/Versions/A/CFOpenDirectory
0x000000000487f000 	/System/Library/Frameworks/ServiceManagement.framework/Versions/A/ServiceManagement
0x000000000487f000 	/usr/lib/libxslt.1.dylib
0x000000000487f000 	/System/Library/Frameworks/Carbon.framework/Versions/A/Frameworks/Ink.framework/Versions/A/Ink
0x000000000487f000 	/System/Library/Frameworks/ApplicationServices.framework/Versions/A/Frameworks/ATS.framework/Versions/A/ATS
0x000000000487f000 	/System/Library/Frameworks/ApplicationServices.framework/Versions/A/Frameworks/ColorSync.framework/Versions/A/ColorSync
0x000000000487f000 	/System/Library/Frameworks/ApplicationServices.framework/Versions/A/Frameworks/HIServices.framework/Versions/A/HIServices
0x000000000487f000 	/System/Library/Frameworks/ApplicationServices.framework/Versions/A/Frameworks/LangAnalysis.framework/Versions/A/LangAnalysis
0x000000000487f000 	/System/Library/Frameworks/ApplicationServices.framework/Versions/A/Frameworks/PrintCore.framework/Versions/A/PrintCore
0x000000000487f000 	/System/Library/Frameworks/ApplicationServices.framework/Versions/A/Frameworks/QD.framework/Versions/A/QD
0x000000000487f000 	/System/Library/Frameworks/ApplicationServices.framework/Versions/A/Frameworks/SpeechSynthesis.framework/Versions/A/SpeechSynthesis
0x000000000487f000 	/System/Library/Frameworks/IOSurface.framework/Versions/A/IOSurface
0x000000000487f000 	/System/Library/Frameworks/Accelerate.framework/Versions/A/Accelerate
0x000000000487f000 	/System/Library/Frameworks/Accelerate.framework/Versions/A/Frameworks/vImage.framework/Versions/A/vImage
0x000000000487f000 	/System/Library/Frameworks/Accelerate.framework/Versions/A/Frameworks/vecLib.framework/Versions/A/vecLib
0x000000000487f000 	/System/Library/Frameworks/Accelerate.framework/Versions/A/Frameworks/vecLib.framework/Versions/A/libvDSP.dylib
0x000000000487f000 	/System/Library/Frameworks/Accelerate.framework/Versions/A/Frameworks/vecLib.framework/Versions/A/libvMisc.dylib
0x000000000487f000 	/System/Library/Frameworks/Accelerate.framework/Versions/A/Frameworks/vecLib.framework/Versions/A/libLAPACK.dylib
0x000000000487f000 	/System/Library/Frameworks/Accelerate.framework/Versions/A/Frameworks/vecLib.framework/Versions/A/libBLAS.dylib
0x000000000487f000 	/System/Library/Frameworks/ApplicationServices.framework/Versions/A/Frameworks/ATS.framework/Versions/A/Resources/libFontParser.dylib
0x000000000487f000 	/System/Library/Frameworks/ApplicationServices.framework/Versions/A/Frameworks/ATS.framework/Versions/A/Resources/libFontRegistry.dylib
0x000000000487f000 	/System/Library/Frameworks/ImageIO.framework/Versions/A/Resources/libJPEG.dylib
0x000000000487f000 	/System/Library/Frameworks/ImageIO.framework/Versions/A/Resources/libTIFF.dylib
0x000000000487f000 	/System/Library/Frameworks/ImageIO.framework/Versions/A/Resources/libPng.dylib
0x000000000487f000 	/System/Library/Frameworks/ImageIO.framework/Versions/A/Resources/libGIF.dylib
0x000000000487f000 	/System/Library/Frameworks/ImageIO.framework/Versions/A/Resources/libJP2.dylib
0x000000000487f000 	/System/Library/Frameworks/ImageIO.framework/Versions/A/Resources/libRadiance.dylib
0x000000000487f000 	/usr/lib/libcups.2.dylib
0x000000000487f000 	/System/Library/Frameworks/Kerberos.framework/Versions/A/Kerberos
0x000000000487f000 	/System/Library/Frameworks/GSS.framework/Versions/A/GSS
0x000000000487f000 	/usr/lib/libresolv.9.dylib
0x000000000487f000 	/usr/lib/libiconv.2.dylib
0x000000000487f000 	/System/Library/PrivateFrameworks/Heimdal.framework/Versions/A/Heimdal
0x000000000487f000 	/System/Library/PrivateFrameworks/TrustEvaluationAgent.framework/Versions/A/TrustEvaluationAgent
0x000000000487f000 	/usr/lib/libheimdal-asn1.dylib
0x000000000487f000 	/System/Library/Frameworks/OpenDirectory.framework/Versions/A/OpenDirectory
0x000000000487f000 	/System/Library/PrivateFrameworks/CommonAuth.framework/Versions/A/CommonAuth
0x000000000487f000 	/System/Library/Frameworks/SecurityFoundation.framework/Versions/A/SecurityFoundation
0x000000000487f000 	/System/Library/PrivateFrameworks/Bom.framework/Versions/A/Bom
0x000000000487f000 	/System/Library/Frameworks/CoreVideo.framework/Versions/A/CoreVideo
0x000000000487f000 	/System/Library/Frameworks/QuartzCore.framework/Versions/A/Frameworks/CoreImage.framework/Versions/A/CoreImage
0x000000000487f000 	/System/Library/Frameworks/QuartzCore.framework/Versions/A/Frameworks/ScalableUserInterface.framework/Versions/A/ScalableUserInterface
0x000000000487f000 	/System/Library/Frameworks/OpenGL.framework/Versions/A/Libraries/libGLU.dylib
0x000000000487f000 	/System/Library/Frameworks/OpenGL.framework/Versions/A/Libraries/libGFXShared.dylib
0x000000000487f000 	/System/Library/Frameworks/OpenGL.framework/Versions/A/Libraries/libGL.dylib
0x000000000487f000 	/System/Library/Frameworks/OpenGL.framework/Versions/A/Libraries/libGLImage.dylib
0x000000000487f000 	/System/Library/Frameworks/OpenGL.framework/Versions/A/Libraries/libCVMSPluginSupport.dylib
0x000000000487f000 	/System/Library/Frameworks/OpenGL.framework/Versions/A/Libraries/libCoreVMClient.dylib
0x000000000487f000 	/System/Library/PrivateFrameworks/FaceCore.framework/Versions/A/FaceCore
0x000000000487f000 	/System/Library/PrivateFrameworks/CrashReporterSupport.framework/Versions/A/CrashReporterSupport
0x000000000487f000 	/System/Library/Frameworks/OpenCL.framework/Versions/A/OpenCL
0x000000000487f000 	/System/Library/PrivateFrameworks/AppleFSCompression.framework/Versions/A/AppleFSCompression
0x000000000487f000 	/System/Library/PrivateFrameworks/Ubiquity.framework/Versions/A/Ubiquity
0x000000000487f000 	/System/Library/PrivateFrameworks/IconServices.framework/Versions/A/IconServices
0x000000000487f000 	/System/Library/PrivateFrameworks/ChunkingLibrary.framework/Versions/A/ChunkingLibrary
0x000000000487f000 	/System/Library/PrivateFrameworks/CoreSymbolication.framework/Versions/A/CoreSymbolication
0x000000000487f000 	/System/Library/PrivateFrameworks/Symbolication.framework/Versions/A/Symbolication
0x000000000487f000 	/System/Library/PrivateFrameworks/DebugSymbols.framework/Versions/A/DebugSymbols
0x000000010ba00000 	/Library/Java/JavaVirtualMachines/jdk1.7.0_11.jdk/Contents/Home/jre/lib/server/libjvm.dylib
0x000000000487f000 	/usr/lib/libstdc++.6.dylib
0x000000010b17a000 	/Library/Java/JavaVirtualMachines/jdk1.7.0_11.jdk/Contents/Home/jre/lib/libverify.dylib
0x000000010b187000 	/Library/Java/JavaVirtualMachines/jdk1.7.0_11.jdk/Contents/Home/jre/lib/libjava.dylib
0x000000010b1c1000 	/Library/Java/JavaVirtualMachines/jdk1.7.0_11.jdk/Contents/Home/jre/lib/libzip.dylib
0x000000010fb4d000 	/System/Library/Frameworks/JavaVM.framework/Frameworks/JavaRuntimeSupport.framework/JavaRuntimeSupport
0x000000010b1ea000 	/System/Library/Frameworks/JavaVM.framework/Versions/A/Frameworks/JavaNativeFoundation.framework/Versions/A/JavaNativeFoundation
0x000000010fb65000 	/System/Library/Frameworks/JavaVM.framework/Versions/A/JavaVM
0x000000000487f000 	/System/Library/Frameworks/Carbon.framework/Versions/A/Carbon
0x000000010fb71000 	/System/Library/PrivateFrameworks/JavaLaunching.framework/Versions/A/JavaLaunching
0x000000000487f000 	/System/Library/Frameworks/Carbon.framework/Versions/A/Frameworks/CommonPanels.framework/Versions/A/CommonPanels
0x000000000487f000 	/System/Library/Frameworks/Carbon.framework/Versions/A/Frameworks/Help.framework/Versions/A/Help
0x000000000487f000 	/System/Library/Frameworks/Carbon.framework/Versions/A/Frameworks/ImageCapture.framework/Versions/A/ImageCapture
0x000000000487f000 	/System/Library/Frameworks/Carbon.framework/Versions/A/Frameworks/OpenScripting.framework/Versions/A/OpenScripting
0x000000000487f000 	/System/Library/Frameworks/Carbon.framework/Versions/A/Frameworks/Print.framework/Versions/A/Print
0x000000000487f000 	/System/Library/Frameworks/Carbon.framework/Versions/A/Frameworks/SecurityHI.framework/Versions/A/SecurityHI
0x000000011042a000 	/Library/Java/JavaVirtualMachines/jdk1.7.0_11.jdk/Contents/Home/jre/lib/libnio.dylib
0x0000000110439000 	/Library/Java/JavaVirtualMachines/jdk1.7.0_11.jdk/Contents/Home/jre/lib/./libnet.dylib
0x00000001104ce000 	/Library/Java/JavaVirtualMachines/jdk1.7.0_11.jdk/Contents/Home/jre/lib/libsunec.dylib

VM Arguments:
java_command: /Users/mindtap/Documents/workspace/cgi/target/surefire/surefirebooter3339148296898524409.jar /Users/mindtap/Documents/workspace/cgi/target/surefire/surefire6521466373631569918tmp /Users/mindtap/Documents/workspace/cgi/target/surefire/surefire_06526844637298596832tmp
Launcher Type: SUN_STANDARD

Environment Variables:
JAVA_HOME=/Library/Java/JavaVirtualMachines/jdk1.7.0_11.jdk/Contents/Home/jre
PATH=/usr/local/opt/coreutils/libexec/gnubin:/usr/bin:/bin:/usr/sbin:/sbin:/usr/local/bin:/usr/local/git/bin:/usr/local/munki:/usr/local/apache-maven/apache-maven-3.3.3/bin:/usr/local/apache-maven/apache-maven-3.3.3/bin
SHELL=/bin/bash

Signal Handlers:
SIGSEGV: [libjvm.dylib+0x4a363d], sa_mask[0]=0xfffefeff, sa_flags=0x00000042
SIGBUS: [libjvm.dylib+0x4a363d], sa_mask[0]=0xfffefeff, sa_flags=0x00000042
SIGFPE: [libjvm.dylib+0x3b3051], sa_mask[0]=0xfffefeff, sa_flags=0x00000042
SIGPIPE: [libjvm.dylib+0x3b3051], sa_mask[0]=0xfffefeff, sa_flags=0x00000042
SIGXFSZ: [libjvm.dylib+0x3b3051], sa_mask[0]=0xfffefeff, sa_flags=0x00000042
SIGILL: [libjvm.dylib+0x3b3051], sa_mask[0]=0xfffefeff, sa_flags=0x00000042
SIGUSR1: SIG_DFL, sa_mask[0]=0x63807efb, sa_flags=0x00000000
SIGUSR2: [libjvm.dylib+0x3b2bea], sa_mask[0]=0x00000004, sa_flags=0x00000042
SIGHUP: [libjvm.dylib+0x3b0e4b], sa_mask[0]=0xfffefeff, sa_flags=0x00000042
SIGINT: [libjvm.dylib+0x3b0e4b], sa_mask[0]=0xfffefeff, sa_flags=0x00000042
SIGTERM: [libjvm.dylib+0x3b0e4b], sa_mask[0]=0xfffefeff, sa_flags=0x00000042
SIGQUIT: [libjvm.dylib+0x3b0e4b], sa_mask[0]=0xfffefeff, sa_flags=0x00000042


---------------  S Y S T E M  ---------------

OS:Bsduname:Darwin 13.4.0 Darwin Kernel Version 13.4.0: Sun Aug 17 19:50:11 PDT 2014; root:xnu-2422.115.4~1/RELEASE_X86_64 x86_64
rlimit: STACK 8192k, CORE 0k, NPROC 709, NOFILE 10240, AS infinity
load average:1.70 1.61 1.54

CPU:total 4 (2 cores per cpu, 2 threads per core) family 6 model 42 stepping 7, cmov, cx8, fxsr, mmx, sse, sse2, sse3, ssse3, sse4.1, sse4.2, popcnt, avx, ht, tsc, tscinvbit

Memory: 4k page, physical 192496k(48124k free)

/proc/meminfo:


vm_info: Java HotSpot(TM) 64-Bit Server VM (23.6-b04) for bsd-amd64 JRE (1.7.0_11-b21), built on Jan 13 2013 01:04:28 by "java_re" with gcc 4.2.1 (Based on Apple Inc. build 5658) (LLVM build 2336.11.00)

time: Fri Jul 24 12:40:47 2015
elapsed time: 19 seconds

